<?xml version="1.0" encoding="UTF-8"?>
<!-- Generated by org.testng.reporters.JUnitReportReporter -->
<testsuite hostname="DESKTOP-RHIG6R02" failures="0" tests="1" name="sortVerification.AscendingOrderVerification" time="16.305" errors="0" timestamp="2023-11-29T15:50:35 IST" skipped="0">
  <testcase classname="sortVerification.AscendingOrderVerification" name="ascendingOrder" time="16.305"/>
</testsuite> <!-- sortVerification.AscendingOrderVerification -->
