<?xml version="1.0" encoding="UTF-8"?>
<!-- Generated by org.testng.reporters.JUnitReportReporter -->
<testsuite hostname="DESKTOP-RHIG6R02" failures="0" tests="1" name="sampleTest1.Test1" time="6.083" errors="0" timestamp="2023-05-02T19:41:53 IST" skipped="0">
  <testcase classname="sampleTest1.Test1" name="TC1" time="6.083"/>
  <system-out/>
</testsuite> <!-- sampleTest1.Test1 -->
