<?xml version="1.0" encoding="UTF-8"?>
<!-- Generated by org.testng.reporters.JUnitReportReporter -->
<testsuite hostname="DESKTOP-RHIG6R02" failures="0" tests="1" name="table.FindValue" time="10.941" errors="0" timestamp="2023-06-28T17:00:14 IST" skipped="0">
  <testcase classname="table.FindValue" name="checkValue" time="10.941"/>
  <system-out/>
</testsuite> <!-- table.FindValue -->
