<?xml version="1.0" encoding="UTF-8"?>
<!-- Generated by org.testng.reporters.JUnitReportReporter -->
<testsuite hostname="DESKTOP-RHIG6R02" failures="0" tests="1" name="sortVerification.AscendingOrderTest" time="11.676" errors="0" timestamp="2023-11-29T18:37:30 IST" skipped="0">
  <testcase classname="sortVerification.AscendingOrderTest" name="AscendingTest" time="11.676"/>
</testsuite> <!-- sortVerification.AscendingOrderTest -->
