<?xml version="1.0" encoding="UTF-8"?>
<!-- Generated by org.testng.reporters.JUnitReportReporter -->
<testsuite hostname="DESKTOP-RHIG6R02" failures="0" tests="1" name="sortVerification.DescendingOrderTest" time="14.009" errors="0" timestamp="2023-11-28T19:10:44 IST" skipped="0">
  <testcase classname="sortVerification.DescendingOrderTest" name="SortingTest" time="14.009"/>
</testsuite> <!-- sortVerification.DescendingOrderTest -->
