<?xml version="1.0" encoding="UTF-8"?>
<!-- Generated by org.testng.reporters.JUnitReportReporter -->
<testsuite hostname="DESKTOP-RHIG6R02" failures="0" tests="1" name="sortVerification.NameAscendingSorting" time="8.216" errors="0" timestamp="2023-12-06T18:27:44 IST" skipped="0">
  <testcase classname="sortVerification.NameAscendingSorting" name="NameSortTest" time="8.216"/>
</testsuite> <!-- sortVerification.NameAscendingSorting -->
